Item changelog - Updated from API
786 total ingredients scanned
New Ingredients: 57, Ingredients Removed: 0, Ingredients changed: 172
Ingredients Changes: 
Acid Magma:
identifications: {'POISON': {'minimum': 90, 'maximum': 100}, 'WATERDEFENSE': {'minimum': -10, 'maximum': -8}} -> {'POISON': {'minimum': 970, 'maximum': 995}, 'WATERDEFENSE': {'minimum': -10, 'maximum': -8}}

Arcane Anomaly:
identifications: {'MANAREGEN': {'minimum': 6, 'maximum': 6}, 'SPELLDAMAGE': {'minimum': -22, 'maximum': -16}} -> {'MANAREGEN': {'minimum': 3, 'maximum': 3}, 'SPELLDAMAGE': {'minimum': -11, 'maximum': -8}}
itemOnlyIDs: {'durabilityModifier': -44, 'strengthRequirement': 0, 'dexterityRequirement': 0, 'intelligenceRequirement': 20, 'defenceRequirement': 0, 'agilityRequirement': 0} -> {'durabilityModifier': -44, 'strengthRequirement': 0, 'dexterityRequirement': 0, 'intelligenceRequirement': 10, 'defenceRequirement': 0, 'agilityRequirement': 0}

Blighted Skull:
identifications: {'SPEED': {'minimum': -4, 'maximum': -2}} -> {'SPEED': {'minimum': 3, 'maximum': 4}}
itemOnlyIDs: {'durabilityModifier': 12, 'strengthRequirement': 0, 'dexterityRequirement': 0, 'intelligenceRequirement': 0, 'defenceRequirement': 0, 'agilityRequirement': 0, 'attackSpeedModifier': 0, 'powderSlotModifier': 0} -> {'durabilityModifier': 22, 'strengthRequirement': 0, 'dexterityRequirement': 0, 'intelligenceRequirement': 0, 'defenceRequirement': 0, 'agilityRequirement': 0, 'attackSpeedModifier': 0, 'powderSlotModifier': 0}

Cracked Skin:
identifications: {'DEFENSEPOINTS': {'minimum': 2, 'maximum': 3}, 'AIRDEFENSE': {'minimum': -8, 'maximum': -4}} -> {'DEFENSEPOINTS': {'minimum': 1, 'maximum': 2}, 'AIRDEFENSE': {'minimum': -8, 'maximum': -4}}

Cursed Venom Sac:
identifications: {'POISON': {'minimum': 50, 'maximum': 60}} -> {'POISON': {'minimum': 165, 'maximum': 195}}

Decaying Arteries:
identifications: {'SPELLDAMAGE': {'minimum': 8, 'maximum': 10}, 'HEALTHREGENRAW': {'minimum': -60, 'maximum': -55}} -> {'SPELLDAMAGE': {'minimum': 8, 'maximum': 9}, 'HEALTHREGENRAW': {'minimum': -60, 'maximum': -55}}

Decaying Skin:
identifications: {'POISON': {'minimum': 6, 'maximum': 6}} -> {'POISON': {'minimum': 15, 'maximum': 15}}

Lunar Dust:
identifications: {'SPELLDAMAGE': {'minimum': 4, 'maximum': 6}} -> {'SPELLDAMAGE': {'minimum': 3, 'maximum': 4}}

Luu Luu Vertebrae:
identifications: {'HEALTHBONUS': {'minimum': 480, 'maximum': 520}} -> {'HEALTHBONUS': {'minimum': 380, 'maximum': 420}}

Rancid Flesh:
identifications: {'DAMAGEBONUS': {'minimum': 3, 'maximum': 6}} -> {'DAMAGEBONUS': {'minimum': 5, 'maximum': 7}}

Sludge Parasite:
identifications: {'POISON': {'minimum': 100, 'maximum': 120}, 'DEFENSEPOINTS': {'minimum': -4, 'maximum': -2}} -> {'POISON': {'minimum': 1050, 'maximum': 1150}, 'DEFENSEPOINTS': {'minimum': -4, 'maximum': -2}}

Stolen Seeds:
identifications: {'THORNS': {'minimum': 8, 'maximum': 13}, 'EMERALDSTEALING': {'minimum': 3, 'maximum': 7}} -> {'THORNS': {'minimum': 4, 'maximum': 7}, 'EMERALDSTEALING': {'minimum': 3, 'maximum': 5}}

Torn Skin:
identifications: {'POISON': {'minimum': 45, 'maximum': 50}} -> {'POISON': {'minimum': 135, 'maximum': 155}}

Unmeltable Ice:
identifications: {'FIREDEFENSE': {'minimum': 1, 'maximum': 2}, 'WATERDEFENSE': {'minimum': 2, 'maximum': 2}} -> {'FIREDAMAGEBONUS': {'minimum': 1, 'maximum': 2}, 'WATERDAMAGEBONUS': {'minimum': 2, 'maximum': 3}}
itemOnlyIDs: {'durabilityModifier': -51, 'strengthRequirement': 0, 'dexterityRequirement': 0, 'intelligenceRequirement': 8, 'defenceRequirement': 0, 'agilityRequirement': 8} -> {'durabilityModifier': -51, 'strengthRequirement': 0, 'dexterityRequirement': 0, 'intelligenceRequirement': 0, 'defenceRequirement': 0, 'agilityRequirement': 0}

Viscous Slime:
identifications: {'POISON': {'minimum': 90, 'maximum': 105}} -> {'POISON': {'minimum': 175, 'maximum': 195}}

Wood Scrap:
itemOnlyIDs: {'durabilityModifier': -87, 'strengthRequirement': 6, 'dexterityRequirement': 0, 'intelligenceRequirement': 0, 'defenceRequirement': 0, 'agilityRequirement': 0} -> {'durabilityModifier': -42, 'strengthRequirement': 6, 'dexterityRequirement': 0, 'intelligenceRequirement': 0, 'defenceRequirement': 0, 'agilityRequirement': 0}

Acidic Remains:
identifications: {'HEALTHREGENRAW': {'minimum': -60, 'maximum': -50}, 'FIREDAMAGEBONUS': {'minimum': 9, 'maximum': 12}} -> {'HEALTHREGENRAW': {'minimum': -60, 'maximum': -50}, 'FIREDAMAGEBONUS': {'minimum': 8, 'maximum': 10}}

Algae Mat:
identifications: {'THORNS': {'minimum': 12, 'maximum': 18}, 'REFLECTION': {'minimum': 9, 'maximum': 15}} -> {'THORNS': {'minimum': 6, 'maximum': 10}, 'REFLECTION': {'minimum': 5, 'maximum': 8}}

Captain's Glass:
identifications: {'SPEED': {'minimum': -6, 'maximum': -3}, 'DAMAGEBONUS': {'minimum': 7, 'maximum': 10}} -> {'SPEED': {'minimum': -6, 'maximum': -3}, 'DAMAGEBONUSRAW': {'minimum': 15, 'maximum': 16}}

Cataratite:
identifications: {'HEALTHREGEN': {'minimum': -10, 'maximum': -8}} -> {'HEALTHREGEN': {'minimum': -6, 'maximum': -4}}
itemOnlyIDs: {'durabilityModifier': 45, 'strengthRequirement': 0, 'dexterityRequirement': 0, 'intelligenceRequirement': 0, 'defenceRequirement': 0, 'agilityRequirement': 0, 'attackSpeedModifier': 0, 'powderSlotModifier': 0} -> {'durabilityModifier': 39, 'strengthRequirement': 0, 'dexterityRequirement': 0, 'intelligenceRequirement': 0, 'defenceRequirement': 0, 'agilityRequirement': 0, 'attackSpeedModifier': 0, 'powderSlotModifier': 0}

Chitin Plate:
identifications: {'DEXTERITYPOINTS': {'minimum': 2, 'maximum': 4}, 'HEALTHBONUS': {'minimum': 260, 'maximum': 320}} -> {'DEXTERITYPOINTS': {'minimum': 2, 'maximum': 4}, 'HEALTHBONUS': {'minimum': 175, 'maximum': 210}}
itemOnlyIDs: {'durabilityModifier': -56, 'strengthRequirement': 0, 'dexterityRequirement': 25, 'intelligenceRequirement': 0, 'defenceRequirement': 0, 'agilityRequirement': 0} -> {'durabilityModifier': -56, 'strengthRequirement': 0, 'dexterityRequirement': 20, 'intelligenceRequirement': 0, 'defenceRequirement': 0, 'agilityRequirement': 0}

Condor Feather:
identifications: {'AIRDAMAGEBONUS': {'minimum': 6, 'maximum': 10}} -> {'AIRDAMAGEBONUS': {'minimum': 5, 'maximum': 7}}

Crystal Dust:
identifications: {'SPELLDAMAGE': {'minimum': 4, 'maximum': 8}, 'SPEED': {'minimum': -5, 'maximum': -2}} -> {'SPELLDAMAGE': {'minimum': 4, 'maximum': 6}, 'SPEED': {'minimum': -5, 'maximum': -2}}

Demonic Blood:
identifications: {'LIFESTEAL': {'minimum': 30, 'maximum': 40}, 'POISON': {'minimum': 60, 'maximum': 80}} -> {'LIFESTEAL': {'minimum': 70, 'maximum': 80}, 'POISON': {'minimum': 530, 'maximum': 580}}

Dense Void Hole Chunk:
identifications: {'EARTHDAMAGEBONUS': {'minimum': 5, 'maximum': 6}, 'SPEED': {'minimum': -5, 'maximum': -5}} -> {'EARTHDAMAGEBONUS': {'minimum': 5, 'maximum': 5}, 'SPEED': {'minimum': -5, 'maximum': -5}}

Dragonling Egg:
consumableOnlyIDs: {'duration': -400, 'charges': 0} -> {'duration': -350, 'charges': 0}

Durable Skin:
identifications: {'DEFENSEPOINTS': {'minimum': 2, 'maximum': 3}, 'EARTHDEFENSE': {'minimum': 4, 'maximum': 6}} -> {'DEFENSEPOINTS': {'minimum': 2, 'maximum': 3}, 'EARTHDEFENSE': {'minimum': 6, 'maximum': 7}}
itemOnlyIDs: {'durabilityModifier': -61, 'strengthRequirement': 10, 'dexterityRequirement': 0, 'intelligenceRequirement': 0, 'defenceRequirement': 8, 'agilityRequirement': 0} -> {'durabilityModifier': -61, 'strengthRequirement': 5, 'dexterityRequirement': 0, 'intelligenceRequirement': 0, 'defenceRequirement': 8, 'agilityRequirement': 0}

Essence Of Dusk:
identifications: {'SPELLDAMAGERAW': {'minimum': 25, 'maximum': 35}, 'SPELLDAMAGE': {'minimum': 6, 'maximum': 8}} -> {'SPELLDAMAGERAW': {'minimum': 17, 'maximum': 24}, 'SPELLDAMAGE': {'minimum': 4, 'maximum': 5}}

Fragmentation:
identifications: {'AGILITYPOINTS': {'minimum': 5, 'maximum': 7}, 'HEALTHBONUS': {'minimum': -118, 'maximum': -102}} -> {'AGILITYPOINTS': {'minimum': 6, 'maximum': 8}, 'HEALTHBONUS': {'minimum': -118, 'maximum': -102}}

Foul Fluid:
identifications: {'POISON': {'minimum': 240, 'maximum': 280}, 'HEALTHREGENRAW': {'minimum': -30, 'maximum': -20}} -> {'POISON': {'minimum': 650, 'maximum': 690}, 'HEALTHREGENRAW': {'minimum': -30, 'maximum': -20}}

Green Foot:
identifications: {'DEFENSEPOINTS': {'minimum': 5, 'maximum': 8}, 'HEALTHBONUS': {'minimum': 750, 'maximum': 800}, 'SPEED': {'minimum': -10, 'maximum': -7}} -> {'DEFENSEPOINTS': {'minimum': 5, 'maximum': 8}, 'HEALTHBONUS': {'minimum': 500, 'maximum': 550}, 'SPEED': {'minimum': -8, 'maximum': -6}}

Gunpowder:
identifications: {'EXPLODING': {'minimum': 15, 'maximum': 20}} -> {'EXPLODING': {'minimum': 11, 'maximum': 16}}

Ice Fishing Net:
identifications: {'DAMAGEBONUSRAW': {'minimum': 10, 'maximum': 15}, 'SPELLDAMAGERAW': {'minimum': 10, 'maximum': 15}, 'HEALTHBONUS': {'minimum': 50, 'maximum': 75}} -> {'DAMAGEBONUSRAW': {'minimum': 10, 'maximum': 10}, 'SPELLDAMAGERAW': {'minimum': 10, 'maximum': 10}, 'HEALTHBONUS': {'minimum': 25, 'maximum': 40}}

Illicit Hemlock:
identifications: {'POISON': {'minimum': 20, 'maximum': 25}, 'LIFESTEAL': {'minimum': 12, 'maximum': 18}} -> {'POISON': {'minimum': 35, 'maximum': 40}, 'LIFESTEAL': {'minimum': 12, 'maximum': 16}}

Illicit Yarrow:
identifications: {'INTELLIGENCEPOINTS': {'minimum': 2, 'maximum': 3}, 'SPELLDAMAGERAW': {'minimum': 15, 'maximum': 20}} -> {'INTELLIGENCEPOINTS': {'minimum': 1, 'maximum': 2}, 'SPELLDAMAGERAW': {'minimum': 10, 'maximum': 12}}

Insanity Star:
identifications: {'EARTHDAMAGEBONUS': {'minimum': 2, 'maximum': 4}, 'THUNDERDAMAGEBONUS': {'minimum': 2, 'maximum': 4}, 'WATERDAMAGEBONUS': {'minimum': 2, 'maximum': 4}, 'FIREDAMAGEBONUS': {'minimum': 2, 'maximum': 4}, 'AIRDAMAGEBONUS': {'minimum': 2, 'maximum': 4}, 'EARTHDEFENSE': {'minimum': -4, 'maximum': -2}, 'THUNDERDEFENSE': {'minimum': -4, 'maximum': -2}, 'WATERDEFENSE': {'minimum': -4, 'maximum': -2}, 'FIREDEFENSE': {'minimum': -4, 'maximum': -2}, 'AIRDEFENSE': {'minimum': -4, 'maximum': -2}} -> {'ELEMENTAL_DAMAGE_BONUS': {'minimum': 3, 'maximum': 5}, 'EARTHDEFENSE': {'minimum': -5, 'maximum': -3}, 'THUNDERDEFENSE': {'minimum': -5, 'maximum': -3}, 'WATERDEFENSE': {'minimum': -5, 'maximum': -3}, 'FIREDEFENSE': {'minimum': -5, 'maximum': -3}, 'AIRDEFENSE': {'minimum': -5, 'maximum': -3}}

Ivory Tusk:
identifications: {'POISON': {'minimum': -100, 'maximum': -80}, 'HEALTHREGENRAW': {'minimum': 20, 'maximum': 30}} -> {'POISON': {'minimum': -175, 'maximum': -155}, 'HEALTHREGENRAW': {'minimum': 20, 'maximum': 30}}

Larbonic Sheddings:
itemOnlyIDs: {'durabilityModifier': -70, 'strengthRequirement': 0, 'dexterityRequirement': 0, 'intelligenceRequirement': 0, 'defenceRequirement': 0, 'agilityRequirement': 0} -> {'durabilityModifier': 42, 'strengthRequirement': 0, 'dexterityRequirement': 0, 'intelligenceRequirement': 0, 'defenceRequirement': 0, 'agilityRequirement': 0}

Letvus Delight:
identifications: {'EARTHDAMAGEBONUS': {'minimum': 5, 'maximum': 7}, 'THUNDERDAMAGEBONUS': {'minimum': 5, 'maximum': 7}, 'WATERDAMAGEBONUS': {'minimum': 5, 'maximum': 7}, 'FIREDAMAGEBONUS': {'minimum': 5, 'maximum': 7}, 'AIRDAMAGEBONUS': {'minimum': 5, 'maximum': 7}} -> {'EARTHDAMAGEBONUS': {'minimum': 4, 'maximum': 5}, 'THUNDERDAMAGEBONUS': {'minimum': 4, 'maximum': 5}, 'WATERDAMAGEBONUS': {'minimum': 4, 'maximum': 5}, 'FIREDAMAGEBONUS': {'minimum': 4, 'maximum': 5}, 'AIRDAMAGEBONUS': {'minimum': 4, 'maximum': 5}}

Luminescent Ink:
identifications: {'SOULPOINTS': {'minimum': 20, 'maximum': 40}} -> {'SOULPOINTS': {'minimum': 10, 'maximum': 15}}

Mixed Jewel Deposit:
identifications: {'SPELLDAMAGE': {'minimum': 3, 'maximum': 5}, 'DAMAGEBONUS': {'minimum': 3, 'maximum': 5}} -> {'SPELLDAMAGE': {'minimum': 3, 'maximum': 4}, 'DAMAGEBONUS': {'minimum': 3, 'maximum': 4}}

Native Jadeite:
identifications: {'SPELLDAMAGE': {'minimum': 4, 'maximum': 5}} -> {'SPELLDAMAGE': {'minimum': 3, 'maximum': 3}}

Optic Lens:
identifications: {'REFLECTION': {'minimum': 9, 'maximum': 18}} -> {'WATER_DAMAGE_BONUS_RAW': {'minimum': 20, 'maximum': 25}, 'AIR_DAMAGE_BONUS_RAW': {'minimum': 20, 'maximum': 25}}

Pearlescent Jewel:
itemOnlyIDs: {'durabilityModifier': -58, 'strengthRequirement': 0, 'dexterityRequirement': 0, 'intelligenceRequirement': 16, 'defenceRequirement': 0, 'agilityRequirement': 0} -> {'durabilityModifier': -58, 'strengthRequirement': 0, 'dexterityRequirement': 0, 'intelligenceRequirement': 10, 'defenceRequirement': 0, 'agilityRequirement': 0}

Poison Sac:
identifications: {'POISON': {'minimum': 50, 'maximum': 55}} -> {'POISON': {'minimum': 140, 'maximum': 160}}

Pristine Claw:
itemOnlyIDs: {'durabilityModifier': -58, 'strengthRequirement': 0, 'dexterityRequirement': 15, 'intelligenceRequirement': 0, 'defenceRequirement': 0, 'agilityRequirement': 0} -> {'durabilityModifier': -58, 'strengthRequirement': 0, 'dexterityRequirement': 6, 'intelligenceRequirement': 0, 'defenceRequirement': 0, 'agilityRequirement': 0}

Putrid Spores:
identifications: {'POISON': {'minimum': 100, 'maximum': 115}} -> {'POISON': {'minimum': 460, 'maximum': 510}}

Goblin Trinket:
identifications: {'GATHER_XP_BONUS': {'minimum': 1, 'maximum': 1}, 'EMERALDSTEALING': {'minimum': 3, 'maximum': 4}, 'XPBONUS': {'minimum': 3, 'maximum': 4}} -> {'GATHER_XP_BONUS': {'minimum': 1, 'maximum': 1}, 'EMERALDSTEALING': {'minimum': 3, 'maximum': 4}, 'XPBONUS': {'minimum': 3, 'maximum': 3}}

Ivy Sprout:
identifications: {'GATHER_XP_BONUS': {'minimum': 1, 'maximum': 2}, 'POISON': {'minimum': 40, 'maximum': 55}, 'EXPLODING': {'minimum': 10, 'maximum': 12}} -> {'GATHER_XP_BONUS': {'minimum': 1, 'maximum': 2}, 'POISON': {'minimum': 160, 'maximum': 200}, 'EXPLODING': {'minimum': 10, 'maximum': 12}}

Serafite:
identifications: {'GATHER_XP_BONUS': {'minimum': 1, 'maximum': 2}, 'SPELLDAMAGE': {'minimum': 3, 'maximum': 5}, 'HEALTHBONUS': {'minimum': -175, 'maximum': -140}} -> {'GATHER_XP_BONUS': {'minimum': 1, 'maximum': 2}, 'SPELLDAMAGE': {'minimum': 3, 'maximum': 4}, 'HEALTHBONUS': {'minimum': -150, 'maximum': -120}}

Savannah Stone:
identifications: {'FIREDAMAGEBONUS': {'minimum': 3, 'maximum': 4}, 'DEFENSEPOINTS': {'minimum': 2, 'maximum': 2}} -> {'FIREDAMAGEBONUS': {'minimum': 3, 'maximum': 4}, 'DEFENSEPOINTS': {'minimum': 1, 'maximum': 2}}

Recluse Venom Sac:
identifications: {'POISON': {'minimum': 250, 'maximum': 300}} -> {'POISON': {'minimum': 640, 'maximum': 710}}

Resistant Strain:
identifications: {'POISON': {'minimum': 60, 'maximum': 70}, 'EARTHDEFENSE': {'minimum': 4, 'maximum': 5}, 'THUNDERDEFENSE': {'minimum': 3, 'maximum': 3}, 'FIREDEFENSE': {'minimum': 6, 'maximum': 8}} -> {'POISON': {'minimum': 140, 'maximum': 170}, 'EARTHDEFENSE': {'minimum': 4, 'maximum': 5}, 'THUNDERDEFENSE': {'minimum': 3, 'maximum': 3}, 'FIREDEFENSE': {'minimum': 6, 'maximum': 8}}

Sky Snail Shell:
identifications: {'THORNS': {'minimum': 8, 'maximum': 15}, 'REFLECTION': {'minimum': 13, 'maximum': 20}, 'HEALTHREGEN': {'minimum': 6, 'maximum': 14}} -> {'THORNS': {'minimum': 7, 'maximum': 11}, 'REFLECTION': {'minimum': 8, 'maximum': 12}, 'HEALTHREGEN': {'minimum': 7, 'maximum': 9}}

Snake Skin:
identifications: {'SPEED': {'minimum': 8, 'maximum': 12}, 'HEALTHBONUS': {'minimum': -300, 'maximum': -250}, 'AIRDAMAGEBONUS': {'minimum': 8, 'maximum': 10}} -> {'SPEED': {'minimum': 6, 'maximum': 8}, 'HEALTHBONUS': {'minimum': -300, 'maximum': -250}, 'AIRDAMAGEBONUS': {'minimum': 8, 'maximum': 10}}

Strong Flesh:
identifications: {'DAMAGEBONUS': {'minimum': 2, 'maximum': 4}, 'DAMAGEBONUSRAW': {'minimum': 3, 'maximum': 4}} -> {'DAMAGEBONUS': {'minimum': 2, 'maximum': 4}, 'DAMAGEBONUSRAW': {'minimum': 1, 'maximum': 2}}

Titanium Chunk:
identifications: {'THORNS': {'minimum': 10, 'maximum': 12}, 'HEALTHBONUS': {'minimum': 350, 'maximum': 400}} -> {'THORNS': {'minimum': 10, 'maximum': 12}, 'HEALTHBONUS': {'minimum': 350, 'maximum': 375}}

Toxic Spores:
identifications: {'POISON': {'minimum': 4, 'maximum': 8}, 'DAMAGEBONUS': {'minimum': 4, 'maximum': 7}} -> {'POISON': {'minimum': 10, 'maximum': 15}, 'DAMAGEBONUS': {'minimum': 4, 'maximum': 7}}

Undead Heart:
identifications: {'HEALTHBONUS': {'minimum': 10, 'maximum': 30}, 'DEFENSEPOINTS': {'minimum': 1, 'maximum': 3}} -> {'HEALTHBONUS': {'minimum': 10, 'maximum': 15}, 'DEFENSEPOINTS': {'minimum': 1, 'maximum': 2}}

Viking Stone:
identifications: {'INTELLIGENCEPOINTS': {'minimum': 2, 'maximum': 4}, 'WATERDAMAGEBONUS': {'minimum': 5, 'maximum': 8}} -> {'INTELLIGENCEPOINTS': {'minimum': 2, 'maximum': 3}, 'WATERDAMAGEBONUS': {'minimum': 4, 'maximum': 6}}

Viral Tentacle:
identifications: {'STRENGTHPOINTS': {'minimum': 2, 'maximum': 4}, 'EARTHDAMAGEBONUS': {'minimum': 6, 'maximum': 11}} -> {'STRENGTHPOINTS': {'minimum': 2, 'maximum': 4}, 'EARTHDAMAGEBONUS': {'minimum': 6, 'maximum': 9}}

Accursed Effigy:
identifications: {'MANASTEAL': {'minimum': 4, 'maximum': 4}, 'FIREDAMAGEBONUS': {'minimum': 8, 'maximum': 14}, 'SPEED': {'minimum': -12, 'maximum': -10}} -> {'MANASTEAL': {'minimum': 3, 'maximum': 4}, 'FIREDAMAGEBONUS': {'minimum': 8, 'maximum': 11}, 'SPEED': {'minimum': -10, 'maximum': -7}}

Acidic Blood:
identifications: {'POISON': {'minimum': 140, 'maximum': 150}} -> {'POISON': {'minimum': 175, 'maximum': 225}}

Acidic Solution:
identifications: {'POISON': {'minimum': 260, 'maximum': 290}} -> {'POISON': {'minimum': 500, 'maximum': 550}}

Adaptive Tissue:
identifications: {'HEALTHREGEN': {'minimum': 8, 'maximum': 12}, 'STRENGTHPOINTS': {'minimum': 5, 'maximum': 7}} -> {'HEALTHREGEN': {'minimum': 12, 'maximum': 16}, 'STRENGTHPOINTS': {'minimum': 5, 'maximum': 8}}

Atmospheric Aspect:
identifications: {'THUNDERDAMAGEBONUS': {'minimum': 10, 'maximum': 10}, 'AIRDAMAGEBONUS': {'minimum': 10, 'maximum': 10}, 'SPELLDAMAGERAW': {'minimum': 65, 'maximum': 65}, 'DAMAGEBONUS': {'minimum': -12, 'maximum': -12}} -> {'THUNDERDAMAGEBONUS': {'minimum': 8, 'maximum': 8}, 'AIRDAMAGEBONUS': {'minimum': 8, 'maximum': 8}, 'SPELLDAMAGERAW': {'minimum': 65, 'maximum': 65}, 'DAMAGEBONUS': {'minimum': -12, 'maximum': -12}}

Black Sulphur:
identifications: {'EXPLODING': {'minimum': 12, 'maximum': 24}, 'FIREDAMAGEBONUS': {'minimum': 6, 'maximum': 12}} -> {'EXPLODING': {'minimum': 10, 'maximum': 14}, 'FIREDAMAGEBONUS': {'minimum': 6, 'maximum': 12}}

Burnt Skull:
identifications: {'FIREDAMAGEBONUS': {'minimum': 7, 'maximum': 10}, 'WATERDEFENSE': {'minimum': -6, 'maximum': -4}} -> {'FIREDAMAGEBONUS': {'minimum': 3, 'maximum': 6}, 'WATERDEFENSE': {'minimum': -6, 'maximum': -4}}

Cat Food:
identifications: {'MANAREGEN': {'minimum': 6, 'maximum': 6}, 'XPBONUS': {'minimum': -10, 'maximum': -8}} -> {'MANAREGEN': {'minimum': 3, 'maximum': 3}, 'XPBONUS': {'minimum': -10, 'maximum': -8}}

Compressed Aspect:
identifications: {'FIREDAMAGEBONUS': {'minimum': 10, 'maximum': 10}, 'AIRDAMAGEBONUS': {'minimum': 10, 'maximum': 10}, 'HEALTHREGENRAW': {'minimum': 55, 'maximum': 55}, 'DAMAGEBONUSRAW': {'minimum': -80, 'maximum': -80}} -> {'FIREDAMAGEBONUS': {'minimum': 8, 'maximum': 8}, 'AIRDAMAGEBONUS': {'minimum': 8, 'maximum': 8}, 'HEALTHREGENRAW': {'minimum': 55, 'maximum': 55}, 'DAMAGEBONUSRAW': {'minimum': -80, 'maximum': -80}}

Contraband Absinthe:
identifications: {'STRENGTHPOINTS': {'minimum': 2, 'maximum': 4}, 'DEXTERITYPOINTS': {'minimum': 2, 'maximum': 4}, 'INTELLIGENCEPOINTS': {'minimum': 2, 'maximum': 4}, 'DEFENSEPOINTS': {'minimum': 2, 'maximum': 4}, 'AGILITYPOINTS': {'minimum': 2, 'maximum': 4}} -> {'STRENGTHPOINTS': {'minimum': 2, 'maximum': 2}, 'DEXTERITYPOINTS': {'minimum': 2, 'maximum': 2}, 'INTELLIGENCEPOINTS': {'minimum': 2, 'maximum': 2}, 'DEFENSEPOINTS': {'minimum': 2, 'maximum': 2}, 'AGILITYPOINTS': {'minimum': 2, 'maximum': 2}}

Cursed Ashes:
identifications: {'MANASTEAL': {'minimum': 4, 'maximum': 4}} -> {'MANASTEAL': {'minimum': 4, 'maximum': 5}}

Diseased Fluids:
identifications: {'POISON': {'minimum': 147, 'maximum': 173}, 'HEALTHBONUS': {'minimum': -357, 'maximum': -314}} -> {'POISON': {'minimum': 999, 'maximum': 1001}, 'HEALTHBONUS': {'minimum': -357, 'maximum': -314}}

Disturbed Aspect:
identifications: {'EARTHDAMAGEBONUS': {'minimum': 10, 'maximum': 10}, 'WATERDAMAGEBONUS': {'minimum': 10, 'maximum': 10}, 'MANAREGEN': {'minimum': 6, 'maximum': 6}, 'HEALTHBONUS': {'minimum': -775, 'maximum': -775}} -> {'EARTHDAMAGEBONUS': {'minimum': 8, 'maximum': 8}, 'WATERDAMAGEBONUS': {'minimum': 8, 'maximum': 8}, 'MANAREGEN': {'minimum': 4, 'maximum': 4}, 'HEALTHBONUS': {'minimum': -475, 'maximum': -475}}

Dragon Aura:
identifications: {'SPELLDAMAGERAW': {'minimum': 55, 'maximum': 60}, 'DAMAGEBONUSRAW': {'minimum': 55, 'maximum': 60}} -> {'SPELLDAMAGERAW': {'minimum': 60, 'maximum': 75}, 'DAMAGEBONUSRAW': {'minimum': 60, 'maximum': 75}}

Enchanted Chain Link:
identifications: {'MANAREGEN': {'minimum': -6, 'maximum': -6}, 'SPELLDAMAGE': {'minimum': 8, 'maximum': 12}, 'DAMAGEBONUS': {'minimum': 6, 'maximum': 14}} -> {'MANAREGEN': {'minimum': -4, 'maximum': -4}, 'SPELLDAMAGE': {'minimum': 8, 'maximum': 9}, 'DAMAGEBONUS': {'minimum': 7, 'maximum': 10}}

Enhanced Dynamics Microchip:
identifications: {'DAMAGEBONUSRAW': {'minimum': 50, 'maximum': 55}, 'MANASTEAL': {'minimum': 4, 'maximum': 4}} -> {'DAMAGEBONUSRAW': {'minimum': 65, 'maximum': 70}, 'MANASTEAL': {'minimum': 4, 'maximum': 4}}
itemOnlyIDs: {'durabilityModifier': -98, 'strengthRequirement': 0, 'dexterityRequirement': 35, 'intelligenceRequirement': 0, 'defenceRequirement': 0, 'agilityRequirement': 0} -> {'durabilityModifier': -98, 'strengthRequirement': 0, 'dexterityRequirement': 30, 'intelligenceRequirement': 0, 'defenceRequirement': 0, 'agilityRequirement': 0}

Enhanced Pathfinding Microchip:
identifications: {'DAMAGEBONUS': {'minimum': 12, 'maximum': 16}, 'POISON': {'minimum': 160, 'maximum': 200}} -> {'DAMAGEBONUS': {'minimum': 12, 'maximum': 16}, 'POISON': {'minimum': 1200, 'maximum': 1300}}
itemOnlyIDs: {'durabilityModifier': -98, 'strengthRequirement': 35, 'dexterityRequirement': 0, 'intelligenceRequirement': 0, 'defenceRequirement': 0, 'agilityRequirement': 0} -> {'durabilityModifier': -98, 'strengthRequirement': 30, 'dexterityRequirement': 0, 'intelligenceRequirement': 0, 'defenceRequirement': 0, 'agilityRequirement': 0}

Enhanced Potential Microchip:
identifications: {'SPELLDAMAGE': {'minimum': 4, 'maximum': 16}, 'DAMAGEBONUS': {'minimum': 4, 'maximum': 16}} -> {'SPELLDAMAGE': {'minimum': 8, 'maximum': 8}, 'DAMAGEBONUS': {'minimum': 10, 'maximum': 10}}

Enhanced Behaviour Microchip:
identifications: {'SPELLDAMAGE': {'minimum': 6, 'maximum': 12}, 'MANAREGEN': {'minimum': 6, 'maximum': 6}} -> {'SPELLDAMAGE': {'minimum': 8, 'maximum': 9}, 'MANAREGEN': {'minimum': 6, 'maximum': 6}}
itemOnlyIDs: {'durabilityModifier': -98, 'strengthRequirement': 0, 'dexterityRequirement': 0, 'intelligenceRequirement': 35, 'defenceRequirement': 0, 'agilityRequirement': 0} -> {'durabilityModifier': -98, 'strengthRequirement': 0, 'dexterityRequirement': 0, 'intelligenceRequirement': 30, 'defenceRequirement': 0, 'agilityRequirement': 0}

Enhanced Physics Microchip:
identifications: {'REFLECTION': {'minimum': 20, 'maximum': 30}, 'AIRDAMAGEBONUS': {'minimum': 9, 'maximum': 16}} -> {'REFLECTION': {'minimum': 18, 'maximum': 22}, 'AIRDAMAGEBONUS': {'minimum': 9, 'maximum': 16}}
itemOnlyIDs: {'durabilityModifier': -98, 'strengthRequirement': 0, 'dexterityRequirement': 0, 'intelligenceRequirement': 0, 'defenceRequirement': 0, 'agilityRequirement': 35} -> {'durabilityModifier': -98, 'strengthRequirement': 0, 'dexterityRequirement': 0, 'intelligenceRequirement': 0, 'defenceRequirement': 0, 'agilityRequirement': 30}

Enraged Soul:
identifications: {'FIREDAMAGEBONUS': {'minimum': 7, 'maximum': 9}} -> {'FIREDAMAGEBONUS': {'minimum': 6, 'maximum': 7}}

Enhanced Post-Processing Microchip:
itemOnlyIDs: {'durabilityModifier': -98, 'strengthRequirement': 0, 'dexterityRequirement': 0, 'intelligenceRequirement': 0, 'defenceRequirement': 35, 'agilityRequirement': 0} -> {'durabilityModifier': -98, 'strengthRequirement': 0, 'dexterityRequirement': 0, 'intelligenceRequirement': 0, 'defenceRequirement': 30, 'agilityRequirement': 0}

Erratic Aspect:
identifications: {'THUNDERDAMAGEBONUS': {'minimum': 10, 'maximum': 10}, 'FIREDAMAGEBONUS': {'minimum': 10, 'maximum': 10}, 'LIFESTEAL': {'minimum': 70, 'maximum': 70}, 'HEALTHREGEN': {'minimum': -15, 'maximum': -15}} -> {'THUNDERDAMAGEBONUS': {'minimum': 8, 'maximum': 8}, 'FIREDAMAGEBONUS': {'minimum': 8, 'maximum': 8}, 'LIFESTEAL': {'minimum': 70, 'maximum': 70}, 'HEALTHREGEN': {'minimum': -15, 'maximum': -15}}

Evaporated Aspect:
identifications: {'WATERDAMAGEBONUS': {'minimum': 10, 'maximum': 10}, 'FIREDAMAGEBONUS': {'minimum': 10, 'maximum': 10}, 'HEALTHREGEN': {'minimum': 20, 'maximum': 20}, 'MANASTEAL': {'minimum': -4, 'maximum': -4}} -> {'WATERDAMAGEBONUS': {'minimum': 8, 'maximum': 8}, 'FIREDAMAGEBONUS': {'minimum': 8, 'maximum': 8}, 'HEALTHREGEN': {'minimum': 20, 'maximum': 20}, 'MANASTEAL': {'minimum': -4, 'maximum': -4}}

Fairy Powder:
identifications: {'MANAREGEN': {'minimum': 6, 'maximum': 6}, 'SPELLDAMAGE': {'minimum': 10, 'maximum': 13}, 'SPELLDAMAGERAW': {'minimum': 70, 'maximum': 80}} -> {'MANAREGEN': {'minimum': 3, 'maximum': 4}, 'SPELLDAMAGE': {'minimum': 10, 'maximum': 13}, 'SPELLDAMAGERAW': {'minimum': 45, 'maximum': 60}}

Fiberglass Frame:
identifications: {'DEFENSEPOINTS': {'minimum': 5, 'maximum': 6}, 'FIREDEFENSE': {'minimum': 10, 'maximum': 12}} -> {'DEFENSEPOINTS': {'minimum': 9, 'maximum': 10}, 'FIREDEFENSE': {'minimum': 10, 'maximum': 12}}
itemOnlyIDs: {'durabilityModifier': -97, 'strengthRequirement': 0, 'dexterityRequirement': 0, 'intelligenceRequirement': 0, 'defenceRequirement': 16, 'agilityRequirement': 0} -> {'durabilityModifier': -97, 'strengthRequirement': 0, 'dexterityRequirement': 0, 'intelligenceRequirement': 0, 'defenceRequirement': 14, 'agilityRequirement': 0}

Fighting Stick:
identifications: {'ATTACKSPEED': {'minimum': 1, 'maximum': 1}, 'DAMAGEBONUSRAW': {'minimum': -100, 'maximum': -100}, 'SPEED': {'minimum': 5, 'maximum': 5}} -> {'ATTACKSPEED': {'minimum': 1, 'maximum': 1}, 'DAMAGEBONUSRAW': {'minimum': -70, 'maximum': -70}, 'SPEED': {'minimum': 5, 'maximum': 5}}

Fish Tail:
identifications: {'MANAREGEN': {'minimum': 6, 'maximum': 6}, 'WATERDEFENSE': {'minimum': 8, 'maximum': 10}} -> {'MANAREGEN': {'minimum': 5, 'maximum': 7}, 'WATERDEFENSE': {'minimum': 8, 'maximum': 10}}

Flameheart:
identifications: {'HEALTHREGENRAW': {'minimum': 54, 'maximum': 72}, 'HEALTHBONUS': {'minimum': 600, 'maximum': 800}} -> {'HEALTHREGENRAW': {'minimum': 52, 'maximum': 66}, 'HEALTHBONUS': {'minimum': 550, 'maximum': 700}}
itemOnlyIDs: {'durabilityModifier': -93, 'strengthRequirement': 0, 'dexterityRequirement': 0, 'intelligenceRequirement': 0, 'defenceRequirement': 35, 'agilityRequirement': 0} -> {'durabilityModifier': -93, 'strengthRequirement': 0, 'dexterityRequirement': 0, 'intelligenceRequirement': 0, 'defenceRequirement': 30, 'agilityRequirement': 0}

Flesh-forged Circuit:
identifications: {'THUNDERDAMAGEBONUS': {'minimum': 5, 'maximum': 7}, 'DEXTERITYPOINTS': {'minimum': 3, 'maximum': 5}} -> {'THUNDERDAMAGEBONUS': {'minimum': 4, 'maximum': 6}, 'DEXTERITYPOINTS': {'minimum': 3, 'maximum': 4}}

Flow of Fate:
identifications: {'WATERDAMAGEBONUS': {'minimum': 20, 'maximum': 24}, 'LIFESTEAL': {'minimum': -100, 'maximum': -90}} -> {'WATERDAMAGEBONUS': {'minimum': 16, 'maximum': 20}, 'LIFESTEAL': {'minimum': -100, 'maximum': -90}}

Green Opal:
identifications: {'EARTHDEFENSE': {'minimum': 4, 'maximum': 6}, 'HEALTHREGENRAW': {'minimum': 50, 'maximum': 55}} -> {'EARTHDEFENSE': {'minimum': 4, 'maximum': 6}, 'HEALTHREGENRAW': {'minimum': 35, 'maximum': 40}}

Haleva Plant:
identifications: {'MANAREGEN': {'minimum': 6, 'maximum': 6}, 'MANASTEAL': {'minimum': 0, 'maximum': 4}} -> {'MANAREGEN': {'minimum': 4, 'maximum': 6}, 'MANASTEAL': {'minimum': 2, 'maximum': 3}}

Hellish Cinders:
identifications: {'DEFENSEPOINTS': {'minimum': 4, 'maximum': 6}, 'WATERDEFENSE': {'minimum': -35, 'maximum': -20}, 'SPELLDAMAGE': {'minimum': 8, 'maximum': 14}} -> {'DEFENSEPOINTS': {'minimum': 5, 'maximum': 6}, 'WATERDEFENSE': {'minimum': -35, 'maximum': -20}, 'SPELLDAMAGE': {'minimum': 4, 'maximum': 7}}
itemOnlyIDs: {'durabilityModifier': -78, 'strengthRequirement': 0, 'dexterityRequirement': 0, 'intelligenceRequirement': 0, 'defenceRequirement': 25, 'agilityRequirement': 0} -> {'durabilityModifier': -78, 'strengthRequirement': 0, 'dexterityRequirement': 0, 'intelligenceRequirement': 0, 'defenceRequirement': 16, 'agilityRequirement': 0}

Herbstzeitlose:
identifications: {'POISON': {'minimum': 100, 'maximum': 130}, 'WATERDAMAGEBONUS': {'minimum': 12, 'maximum': 16}} -> {'POISON': {'minimum': 270, 'maximum': 320}, 'WATERDAMAGEBONUS': {'minimum': 9, 'maximum': 12}}

Hydrofluoric Acid:
identifications: {'POISON': {'minimum': 200, 'maximum': 230}, 'WATERDAMAGEBONUS': {'minimum': 10, 'maximum': 12}} -> {'POISON': {'minimum': 1600, 'maximum': 1700}, 'WATERDAMAGEBONUS': {'minimum': 10, 'maximum': 12}}

Igneous Aspect:
identifications: {'EARTHDAMAGEBONUS': {'minimum': 10, 'maximum': 10}, 'FIREDAMAGEBONUS': {'minimum': 10, 'maximum': 10}, 'HEALTHBONUS': {'minimum': 600, 'maximum': 600}, 'SPELLDAMAGE': {'minimum': -10, 'maximum': -10}} -> {'EARTHDAMAGEBONUS': {'minimum': 8, 'maximum': 8}, 'FIREDAMAGEBONUS': {'minimum': 8, 'maximum': 8}, 'HEALTHBONUS': {'minimum': 500, 'maximum': 500}, 'SPELLDAMAGE': {'minimum': -10, 'maximum': -10}}

Infected Mass:
ingredientPositionModifiers: {'left': 0, 'right': 0, 'above': -45, 'under': -45, 'touching': 0, 'notTouching': 0} -> {'left': 0, 'right': 0, 'above': -25, 'under': -25, 'touching': 0, 'notTouching': 0}

Lost Spirit:
identifications: {'SPELLDAMAGE': {'minimum': 0, 'maximum': 15}, 'SPELLDAMAGERAW': {'minimum': 0, 'maximum': 100}} -> {'SPELLDAMAGE': {'minimum': 0, 'maximum': 8}, 'SPELLDAMAGERAW': {'minimum': 0, 'maximum': 75}}

Lunar Chunk:
identifications: {'SPELLDAMAGE': {'minimum': 5, 'maximum': 10}} -> {'SPELLDAMAGE': {'minimum': 5, 'maximum': 7}}

Mangled Soul:
identifications: {'THUNDERDAMAGEBONUS': {'minimum': 6, 'maximum': 10}} -> {'THUNDERDAMAGEBONUS': {'minimum': 5, 'maximum': 8}}
itemOnlyIDs: {'durabilityModifier': -52, 'strengthRequirement': 0, 'dexterityRequirement': 12, 'intelligenceRequirement': 0, 'defenceRequirement': 0, 'agilityRequirement': 0} -> {'durabilityModifier': -52, 'strengthRequirement': 0, 'dexterityRequirement': 10, 'intelligenceRequirement': 0, 'defenceRequirement': 0, 'agilityRequirement': 0}

Maromagnetite:
identifications: {'DEFENSEPOINTS': {'minimum': 3, 'maximum': 4}, 'FIREDEFENSE': {'minimum': 7, 'maximum': 10}} -> {'DEFENSEPOINTS': {'minimum': 4, 'maximum': 5}, 'FIREDEFENSE': {'minimum': 7, 'maximum': 10}}

Aged Medallion:
identifications: {'XPBONUS': {'minimum': 3, 'maximum': 4}, 'SPELLDAMAGE': {'minimum': 3, 'maximum': 4}} -> {'XPBONUS': {'minimum': 3, 'maximum': 4}, 'SPELLDAMAGE': {'minimum': 2, 'maximum': 3}}

Mixed Mineral Deposit:
identifications: {'DAMAGEBONUS': {'minimum': 7, 'maximum': 10}, 'HEALTHBONUS': {'minimum': 850, 'maximum': 900}, 'SPELLDAMAGERAW': {'minimum': -75, 'maximum': -60}} -> {'DAMAGEBONUS': {'minimum': 7, 'maximum': 10}, 'HEALTHBONUS': {'minimum': 600, 'maximum': 660}, 'SPELLDAMAGERAW': {'minimum': -75, 'maximum': -60}}

Mythical Hoof:
identifications: {'STRENGTHPOINTS': {'minimum': 3, 'maximum': 4}, 'DEXTERITYPOINTS': {'minimum': 3, 'maximum': 4}, 'INTELLIGENCEPOINTS': {'minimum': 3, 'maximum': 4}, 'DEFENSEPOINTS': {'minimum': 3, 'maximum': 4}, 'AGILITYPOINTS': {'minimum': 3, 'maximum': 4}} -> {'STRENGTHPOINTS': {'minimum': 3, 'maximum': 3}, 'DEXTERITYPOINTS': {'minimum': 3, 'maximum': 3}, 'INTELLIGENCEPOINTS': {'minimum': 3, 'maximum': 3}, 'DEFENSEPOINTS': {'minimum': 3, 'maximum': 3}, 'AGILITYPOINTS': {'minimum': 3, 'maximum': 3}}

Naval Shard:
identifications: {'WATERDAMAGEBONUS': {'minimum': 5, 'maximum': 6}, 'DAMAGEBONUS': {'minimum': -5, 'maximum': -4}} -> {'WATERDAMAGEBONUS': {'minimum': 4, 'maximum': 5}, 'DAMAGEBONUS': {'minimum': -5, 'maximum': -4}}
itemOnlyIDs: {'durabilityModifier': -79, 'strengthRequirement': 0, 'dexterityRequirement': 0, 'intelligenceRequirement': 20, 'defenceRequirement': 0, 'agilityRequirement': 0} -> {'durabilityModifier': -79, 'strengthRequirement': 0, 'dexterityRequirement': 0, 'intelligenceRequirement': 15, 'defenceRequirement': 0, 'agilityRequirement': 0}

Nose Ring:
identifications: {'DAMAGEBONUS': {'minimum': 4, 'maximum': 5}, 'SPEED': {'minimum': -5, 'maximum': -3}} -> {'DAMAGEBONUS': {'minimum': 1, 'maximum': 2}, 'SPEED': {'minimum': -4, 'maximum': -3}}
itemOnlyIDs: {'durabilityModifier': 65, 'strengthRequirement': 0, 'dexterityRequirement': 0, 'intelligenceRequirement': 0, 'defenceRequirement': 0, 'agilityRequirement': 0} -> {'durabilityModifier': 45, 'strengthRequirement': 0, 'dexterityRequirement': 0, 'intelligenceRequirement': 0, 'defenceRequirement': 0, 'agilityRequirement': 0}

Organic Explosive:
identifications: {'EXPLODING': {'minimum': 6, 'maximum': 8}, 'HEALTHBONUS': {'minimum': 90, 'maximum': 115}} -> {'EXPLODING': {'minimum': 6, 'maximum': 8}, 'HEALTHBONUS': {'minimum': 90, 'maximum': 100}}

Overload Aspect:
identifications: {'THUNDERDAMAGEBONUS': {'minimum': 10, 'maximum': 10}, 'WATERDAMAGEBONUS': {'minimum': 10, 'maximum': 10}, 'MANASTEAL': {'minimum': 4, 'maximum': 4}, 'LIFESTEAL': {'minimum': -100, 'maximum': -100}} -> {'THUNDERDAMAGEBONUS': {'minimum': 8, 'maximum': 8}, 'WATERDAMAGEBONUS': {'minimum': 8, 'maximum': 8}, 'MANASTEAL': {'minimum': 2, 'maximum': 2}, 'LIFESTEAL': {'minimum': -100, 'maximum': -100}}

Paralyzing Spores:
identifications: {'SPEED': {'minimum': -8, 'maximum': -6}, 'DAMAGEBONUS': {'minimum': 6, 'maximum': 8}, 'SPELLDAMAGE': {'minimum': 6, 'maximum': 8}} -> {'SPEED': {'minimum': -8, 'maximum': -6}, 'DAMAGEBONUS': {'minimum': 5, 'maximum': 6}, 'SPELLDAMAGE': {'minimum': 5, 'maximum': 6}}

Portal Emanation:
identifications: {'SPELLDAMAGE': {'minimum': -8, 'maximum': -6}, 'MANAREGEN': {'minimum': 6, 'maximum': 6}} -> {'SPELLDAMAGE': {'minimum': -8, 'maximum': -6}, 'MANAREGEN': {'minimum': 5, 'maximum': 6}}

Plutonium Waste:
identifications: {'POISON': {'minimum': 140, 'maximum': 155}, 'SPEED': {'minimum': -6, 'maximum': -4}} -> {'POISON': {'minimum': 560, 'maximum': 600}, 'SPEED': {'minimum': -6, 'maximum': -4}}

Pure Quartz:
identifications: {'SPELLDAMAGE': {'minimum': 5, 'maximum': 7}, 'SPELLDAMAGERAW': {'minimum': 16, 'maximum': 24}} -> {'SPELLDAMAGE': {'minimum': 3, 'maximum': 4}, 'SPELLDAMAGERAW': {'minimum': 16, 'maximum': 24}}

Shattered Memory Shard:
identifications: {'AIRDEFENSE': {'minimum': 3, 'maximum': 7}, 'AIRDAMAGEBONUS': {'minimum': 5, 'maximum': 13}} -> {'AIRDEFENSE': {'minimum': 3, 'maximum': 7}, 'AIRDAMAGEBONUS': {'minimum': 5, 'maximum': 9}}

Astral Alloy:
identifications: {'GATHER_XP_BONUS': {'minimum': 3, 'maximum': 3}, 'EARTHDAMAGEBONUS': {'minimum': 9, 'maximum': 11}, 'THUNDERDAMAGEBONUS': {'minimum': 9, 'maximum': 11}, 'WATERDAMAGEBONUS': {'minimum': 9, 'maximum': 11}, 'FIREDAMAGEBONUS': {'minimum': 9, 'maximum': 11}, 'AIRDAMAGEBONUS': {'minimum': 9, 'maximum': 11}} -> {'GATHER_XP_BONUS': {'minimum': 3, 'maximum': 3}, 'ELEMENTAL_DAMAGE_BONUS': {'minimum': 9, 'maximum': 11}}

Defective Circuits:
identifications: {'GATHER_XP_BONUS': {'minimum': 3, 'maximum': 4}, 'DEXTERITYPOINTS': {'minimum': 5, 'maximum': 6}, 'SPELLDAMAGERAW': {'minimum': 55, 'maximum': 65}} -> {'GATHER_XP_BONUS': {'minimum': 3, 'maximum': 4}, 'DEXTERITYPOINTS': {'minimum': 5, 'maximum': 6}, 'SPELLDAMAGERAW': {'minimum': 55, 'maximum': 60}}

Illusory Idol:
identifications: {'GATHER_XP_BONUS': {'minimum': 1, 'maximum': 2}, 'AIRDAMAGEBONUS': {'minimum': 5, 'maximum': 7}, 'REFLECTION': {'minimum': 4, 'maximum': 6}} -> {'GATHER_XP_BONUS': {'minimum': 1, 'maximum': 2}, 'AIRDAMAGEBONUS': {'minimum': 5, 'maximum': 6}, 'REFLECTION': {'minimum': 4, 'maximum': 6}}

Ruins Shard:
identifications: {'GATHER_XP_BONUS': {'minimum': 1, 'maximum': 2}, 'POISON': {'minimum': 70, 'maximum': 75}, 'STRENGTHPOINTS': {'minimum': 3, 'maximum': 3}} -> {'GATHER_XP_BONUS': {'minimum': 1, 'maximum': 2}, 'POISON': {'minimum': 120, 'maximum': 130}, 'STRENGTHPOINTS': {'minimum': 3, 'maximum': 3}}

Shadow of Ruin:
identifications: {'DAMAGEBONUS': {'minimum': 12, 'maximum': 14}, 'HEALTHREGENRAW': {'minimum': -45, 'maximum': -40}} -> {'DAMAGEBONUS': {'minimum': 12, 'maximum': 14}, 'HEALTHREGENRAW': {'minimum': -35, 'maximum': -30}}

Spreading Fireweed:
identifications: {'GATHER_XP_BONUS': {'minimum': 5, 'maximum': 6}, 'DEFENSEPOINTS': {'minimum': 7, 'maximum': 10}, 'FIREDEFENSE': {'minimum': 9, 'maximum': 12}} -> {'GATHER_XP_BONUS': {'minimum': 5, 'maximum': 6}, 'DEFENSEPOINTS': {'minimum': 7, 'maximum': 8}, 'FIREDEFENSE': {'minimum': 9, 'maximum': 12}}

Razor-Sharp Tooth:
identifications: {'DAMAGEBONUSRAW': {'minimum': 40, 'maximum': 60}, 'DEXTERITYPOINTS': {'minimum': 2, 'maximum': 3}} -> {'DAMAGEBONUSRAW': {'minimum': 40, 'maximum': 60}, 'DEXTERITYPOINTS': {'minimum': 2, 'maximum': 2}}
itemOnlyIDs: {'durabilityModifier': -94, 'strengthRequirement': 0, 'dexterityRequirement': 25, 'intelligenceRequirement': 0, 'defenceRequirement': 0, 'agilityRequirement': 0} -> {'durabilityModifier': -94, 'strengthRequirement': 0, 'dexterityRequirement': 0, 'intelligenceRequirement': 0, 'defenceRequirement': 0, 'agilityRequirement': 0}

Reinforced Leather:
identifications: {'HEALTHBONUS': {'minimum': 54, 'maximum': 65}, 'STRENGTHPOINTS': {'minimum': 2, 'maximum': 3}} -> {'HEALTHBONUS': {'minimum': 45, 'maximum': 56}, 'STRENGTHPOINTS': {'minimum': 2, 'maximum': 3}}

Repulsive Aspect:
identifications: {'EARTHDAMAGEBONUS': {'minimum': 10, 'maximum': 10}, 'THUNDERDAMAGEBONUS': {'minimum': 10, 'maximum': 10}, 'DAMAGEBONUS': {'minimum': 15, 'maximum': 15}, 'HEALTHREGENRAW': {'minimum': -55, 'maximum': -55}} -> {'EARTHDAMAGEBONUS': {'minimum': 8, 'maximum': 8}, 'THUNDERDAMAGEBONUS': {'minimum': 8, 'maximum': 8}, 'DAMAGEBONUS': {'minimum': 15, 'maximum': 15}, 'HEALTHREGENRAW': {'minimum': -55, 'maximum': -55}}

Retinal Barbs:
identifications: {'THORNS': {'minimum': 15, 'maximum': 20}, 'DEFENSEPOINTS': {'minimum': 12, 'maximum': 15}} -> {'THORNS': {'minimum': 15, 'maximum': 20}, 'DEFENSEPOINTS': {'minimum': 10, 'maximum': 13}}

Router's Shield:
identifications: {'DEFENSEPOINTS': {'minimum': 6, 'maximum': 8}, 'HEALTHBONUS': {'minimum': 65, 'maximum': 80}} -> {'DEFENSEPOINTS': {'minimum': 5, 'maximum': 6}, 'HEALTHBONUS': {'minimum': 65, 'maximum': 80}}

Rotting Bone:
identifications: {'POISON': {'minimum': 9, 'maximum': 10}, 'WATERDAMAGEBONUS': {'minimum': 3, 'maximum': 4}} -> {'POISON': {'minimum': 12, 'maximum': 15}, 'WATERDAMAGEBONUS': {'minimum': 3, 'maximum': 4}}

Seabird Egg:
identifications: {'AGILITYPOINTS': {'minimum': 3, 'maximum': 5}, 'AIRDEFENSE': {'minimum': 6, 'maximum': 10}} -> {'AGILITYPOINTS': {'minimum': 3, 'maximum': 4}, 'AIRDEFENSE': {'minimum': 6, 'maximum': 10}}

Shattered Aspect:
identifications: {'EARTHDAMAGEBONUS': {'minimum': 10, 'maximum': 10}, 'AIRDAMAGEBONUS': {'minimum': 10, 'maximum': 10}, 'DAMAGEBONUSRAW': {'minimum': 80, 'maximum': 80}, 'SPELLDAMAGERAW': {'minimum': -65, 'maximum': -65}} -> {'EARTHDAMAGEBONUS': {'minimum': 8, 'maximum': 8}, 'AIRDAMAGEBONUS': {'minimum': 8, 'maximum': 8}, 'DAMAGEBONUSRAW': {'minimum': 80, 'maximum': 80}, 'SPELLDAMAGERAW': {'minimum': -65, 'maximum': -65}}

Shimmering Jewel:
identifications: {'SPELLDAMAGE': {'minimum': 6, 'maximum': 12}, 'REFLECTION': {'minimum': 5, 'maximum': 8}} -> {'SPELLDAMAGE': {'minimum': 6, 'maximum': 10}, 'REFLECTION': {'minimum': 5, 'maximum': 8}}

Shrieker's Head:
identifications: {'INTELLIGENCEPOINTS': {'minimum': -7, 'maximum': -5}, 'SPEED': {'minimum': -7, 'maximum': -5}, 'HEALTHBONUS': {'minimum': 1150, 'maximum': 1200}} -> {'INTELLIGENCEPOINTS': {'minimum': -9, 'maximum': -7}, 'SPEED': {'minimum': -7, 'maximum': -5}, 'HEALTHBONUS': {'minimum': 1150, 'maximum': 1200}}

Silver Bullet:
itemOnlyIDs: {'durabilityModifier': -100, 'strengthRequirement': 0, 'dexterityRequirement': 18, 'intelligenceRequirement': 0, 'defenceRequirement': 0, 'agilityRequirement': 0} -> {'durabilityModifier': -95, 'strengthRequirement': 0, 'dexterityRequirement': 14, 'intelligenceRequirement': 0, 'defenceRequirement': 0, 'agilityRequirement': 0}

Smokebomb:
identifications: {'AGILITYPOINTS': {'minimum': 6, 'maximum': 8}, 'SPEED': {'minimum': 12, 'maximum': 14}, 'HEALTHBONUS': {'minimum': -450, 'maximum': -400}} -> {'AGILITYPOINTS': {'minimum': 5, 'maximum': 6}, 'SPEED': {'minimum': 11, 'maximum': 12}, 'HEALTHBONUS': {'minimum': -400, 'maximum': -350}}

Slimy Skin:
identifications: {'MANAREGEN': {'minimum': 6, 'maximum': 6}, 'MANASTEAL': {'minimum': -4, 'maximum': -4}, 'WATERDAMAGEBONUS': {'minimum': 5, 'maximum': 10}} -> {'MANAREGEN': {'minimum': 5, 'maximum': 5}, 'MANASTEAL': {'minimum': -3, 'maximum': -3}, 'WATERDAMAGEBONUS': {'minimum': 5, 'maximum': 10}}

Soft Silk:
itemOnlyIDs: {'durabilityModifier': -78, 'strengthRequirement': 0, 'dexterityRequirement': 0, 'intelligenceRequirement': 0, 'defenceRequirement': 11, 'agilityRequirement': 11} -> {'durabilityModifier': -78, 'strengthRequirement': 0, 'dexterityRequirement': 0, 'intelligenceRequirement': 0, 'defenceRequirement': 8, 'agilityRequirement': 8}

Split Essence:
identifications: {'MANASTEAL': {'minimum': 4, 'maximum': 4}, 'SPELLDAMAGERAW': {'minimum': 8, 'maximum': 12}} -> {'MANASTEAL': {'minimum': 2, 'maximum': 3}, 'SPELLDAMAGERAW': {'minimum': 8, 'maximum': 12}}

Windswept Roots:
identifications: {'DAMAGEBONUS': {'minimum': 6, 'maximum': 8}, 'SPELLDAMAGE': {'minimum': 6, 'maximum': 8}, 'AGILITYPOINTS': {'minimum': 5, 'maximum': 7}} -> {'DAMAGEBONUS': {'minimum': 4, 'maximum': 6}, 'SPELLDAMAGE': {'minimum': 4, 'maximum': 6}, 'AGILITYPOINTS': {'minimum': 4, 'maximum': 6}}

Wind Ornament:
identifications: {'SPEED': {'minimum': 6, 'maximum': 7}, 'EARTHDEFENSE': {'minimum': -10, 'maximum': -8}} -> {'SPEED': {'minimum': 5, 'maximum': 6}, 'EARTHDEFENSE': {'minimum': -10, 'maximum': -8}}
itemOnlyIDs: {'durabilityModifier': -105, 'strengthRequirement': 0, 'dexterityRequirement': 0, 'intelligenceRequirement': 0, 'defenceRequirement': 0, 'agilityRequirement': 24} -> {'durabilityModifier': -105, 'strengthRequirement': 0, 'dexterityRequirement': 0, 'intelligenceRequirement': 0, 'defenceRequirement': 0, 'agilityRequirement': 18}

Wintery Aspect:
identifications: {'WATERDAMAGEBONUS': {'minimum': 10, 'maximum': 10}, 'AIRDAMAGEBONUS': {'minimum': 10, 'maximum': 10}, 'SPELLDAMAGE': {'minimum': 15, 'maximum': 15}, 'MANAREGEN': {'minimum': -6, 'maximum': -6}} -> {'WATERDAMAGEBONUS': {'minimum': 8, 'maximum': 8}, 'AIRDAMAGEBONUS': {'minimum': 8, 'maximum': 8}, 'SPELLDAMAGE': {'minimum': 8, 'maximum': 8}, 'MANAREGEN': {'minimum': -6, 'maximum': -6}}

World Illuminator:
identifications: {'INTELLIGENCEPOINTS': {'minimum': 5, 'maximum': 6}, 'WATERDEFENSE': {'minimum': 8, 'maximum': 10}} -> {'INTELLIGENCEPOINTS': {'minimum': 5, 'maximum': 7}, 'WATERDEFENSE': {'minimum': 8, 'maximum': 10}}

Ancient Coins:
identifications: {'SPEED': {'minimum': -8, 'maximum': -7}, 'LOOTBONUS': {'minimum': 4, 'maximum': 6}, 'XPBONUS': {'minimum': 4, 'maximum': 6}} -> {'SPEED': {'minimum': -6, 'maximum': -5}, 'LOOTBONUS': {'minimum': 4, 'maximum': 6}, 'XPBONUS': {'minimum': 4, 'maximum': 6}}

Aqua Vitae:
identifications: {'WATERDAMAGEBONUS': {'minimum': 18, 'maximum': 24}} -> {'WATERDAMAGEBONUS': {'minimum': 15, 'maximum': 17}}

Aquatic Beauty:
identifications: {'STRENGTHPOINTS': {'minimum': 3, 'maximum': 5}, 'DEFENSEPOINTS': {'minimum': 3, 'maximum': 5}, 'INTELLIGENCEPOINTS': {'minimum': 2, 'maximum': 6}, 'DEXTERITYPOINTS': {'minimum': 1, 'maximum': 7}, 'AGILITYPOINTS': {'minimum': 2, 'maximum': 6}} -> {'STRENGTHPOINTS': {'minimum': 2, 'maximum': 3}, 'DEFENSEPOINTS': {'minimum': 4, 'maximum': 4}, 'INTELLIGENCEPOINTS': {'minimum': 2, 'maximum': 4}, 'DEXTERITYPOINTS': {'minimum': 2, 'maximum': 5}, 'AGILITYPOINTS': {'minimum': 2, 'maximum': 6}}

Archaic Medallion:
identifications: {'HEALTHREGEN': {'minimum': 12, 'maximum': 15}, 'SPELLDAMAGE': {'minimum': -7, 'maximum': -5}} -> {'HEALTHREGEN': {'minimum': 10, 'maximum': 12}, 'SPELLDAMAGE': {'minimum': -7, 'maximum': -5}}

Azure Blossom:
identifications: {'SPELLDAMAGE': {'minimum': -20, 'maximum': -20}, 'WATERDAMAGEBONUS': {'minimum': 25, 'maximum': 25}, 'MANAREGEN': {'minimum': 6, 'maximum': 6}} -> {'HEALING_EFFICIENCY': {'minimum': 13, 'maximum': 13}, 'MANAREGEN': {'minimum': 6, 'maximum': 6}}

Blood of the Nivlan Beauty:
identifications: {'MANASTEAL': {'minimum': 4, 'maximum': 4}, 'REFLECTION': {'minimum': 2, 'maximum': 4}} -> {'MANASTEAL': {'minimum': 2, 'maximum': 4}, 'REFLECTION': {'minimum': 2, 'maximum': 4}}

Braveheart:
itemOnlyIDs: {'durabilityModifier': -133, 'strengthRequirement': 0, 'dexterityRequirement': 0, 'intelligenceRequirement': 0, 'defenceRequirement': 20, 'agilityRequirement': 0} -> {'durabilityModifier': -120, 'strengthRequirement': 0, 'dexterityRequirement': 0, 'intelligenceRequirement': 0, 'defenceRequirement': 20, 'agilityRequirement': 0}

Cursed Wings:
identifications: {'HEALTHBONUS': {'minimum': -1000, 'maximum': -800}, 'EARTHDAMAGEBONUS': {'minimum': 18, 'maximum': 23}, 'THUNDERDAMAGEBONUS': {'minimum': 19, 'maximum': 25}} -> {'HEALTHBONUS': {'minimum': -650, 'maximum': -500}, 'EARTHDAMAGEBONUS': {'minimum': 15, 'maximum': 17}, 'THUNDERDAMAGEBONUS': {'minimum': 17, 'maximum': 21}}
itemOnlyIDs: {'durabilityModifier': -157, 'strengthRequirement': 28, 'dexterityRequirement': 28, 'intelligenceRequirement': 0, 'defenceRequirement': 0, 'agilityRequirement': 0} -> {'durabilityModifier': -157, 'strengthRequirement': 21, 'dexterityRequirement': 21, 'intelligenceRequirement': 0, 'defenceRequirement': 0, 'agilityRequirement': 0}

Deep Ice Core:
identifications: {'SPELLDAMAGE': {'minimum': 8, 'maximum': 12}, 'WATERDAMAGEBONUS': {'minimum': 12, 'maximum': 18}, 'FIREDEFENSE': {'minimum': -24, 'maximum': -16}} -> {'SPELLDAMAGE': {'minimum': 5, 'maximum': 6}, 'WATERDAMAGEBONUS': {'minimum': 14, 'maximum': 16}, 'FIREDEFENSE': {'minimum': -24, 'maximum': -16}}
itemOnlyIDs: {'durabilityModifier': -156, 'strengthRequirement': 0, 'dexterityRequirement': 0, 'intelligenceRequirement': 45, 'defenceRequirement': 0, 'agilityRequirement': 0} -> {'durabilityModifier': -156, 'strengthRequirement': 0, 'dexterityRequirement': 0, 'intelligenceRequirement': 37, 'defenceRequirement': 0, 'agilityRequirement': 0}

Defishious:
identifications: {'MANAREGEN': {'minimum': 6, 'maximum': 6}} -> {'MANAREGEN': {'minimum': 4, 'maximum': 4}}
consumableOnlyIDs: {'duration': 0, 'charges': 0} -> {'duration': 60, 'charges': 0}

Depth's Gem:
identifications: {'INTELLIGENCEPOINTS': {'minimum': 7, 'maximum': 11}, 'SPELLDAMAGE': {'minimum': 5, 'maximum': 7}} -> {'INTELLIGENCEPOINTS': {'minimum': 8, 'maximum': 9}, 'SPELLDAMAGE': {'minimum': 5, 'maximum': 7}}

Devourer's Maw:
identifications: {'LIFESTEAL': {'minimum': 150, 'maximum': 165}, 'MANAREGEN': {'minimum': -4, 'maximum': -2}, 'MANASTEAL': {'minimum': -6, 'maximum': -4}} -> {'LIFESTEAL': {'minimum': 90, 'maximum': 105}, 'MANAREGEN': {'minimum': -4, 'maximum': -2}, 'MANASTEAL': {'minimum': -3, 'maximum': -2}}

Farcor's Trust:
identifications: {'FIREDEFENSE': {'minimum': 25, 'maximum': 40}, 'HEALTHBONUS': {'minimum': 2250, 'maximum': 2500}} -> {'FIREDEFENSE': {'minimum': 25, 'maximum': 40}, 'HEALTHBONUS': {'minimum': 1900, 'maximum': 2150}}

Foul Fairy Dust:
identifications: {'MANAREGEN': {'minimum': -12, 'maximum': -12}, 'SPELLDAMAGE': {'minimum': 24, 'maximum': 28}} -> {'MANAREGEN': {'minimum': -8, 'maximum': -7}, 'SPELLDAMAGE': {'minimum': 12, 'maximum': 16}}

Galvanic Stone:
identifications: {'FIREDAMAGEBONUS': {'minimum': 8, 'maximum': 16}, 'EARTHDAMAGEBONUS': {'minimum': 10, 'maximum': 14}} -> {'FIREDAMAGEBONUS': {'minimum': 8, 'maximum': 12}, 'EARTHDAMAGEBONUS': {'minimum': 8, 'maximum': 10}}
itemOnlyIDs: {'durabilityModifier': -105, 'strengthRequirement': 8, 'dexterityRequirement': 0, 'intelligenceRequirement': 0, 'defenceRequirement': 8, 'agilityRequirement': 0} -> {'durabilityModifier': -105, 'strengthRequirement': 12, 'dexterityRequirement': 0, 'intelligenceRequirement': 0, 'defenceRequirement': 12, 'agilityRequirement': 0}

Glacial Anomaly:
identifications: {'MANAREGEN': {'minimum': 6, 'maximum': 6}, 'SPELLDAMAGERAW': {'minimum': 110, 'maximum': 110}} -> {'MANAREGEN': {'minimum': 8, 'maximum': 8}, 'SPELLDAMAGERAW': {'minimum': 60, 'maximum': 65}}

Glow Bulb Seeds:
identifications: {'INTELLIGENCEPOINTS': {'minimum': 10, 'maximum': 12}, 'HEALTHREGENRAW': {'minimum': 130, 'maximum': 145}, 'DAMAGEBONUS': {'minimum': -12, 'maximum': -9}} -> {'INTELLIGENCEPOINTS': {'minimum': 9, 'maximum': 10}, 'HEALTHREGENRAW': {'minimum': 110, 'maximum': 120}, 'DAMAGEBONUS': {'minimum': -12, 'maximum': -9}}
itemOnlyIDs: {'durabilityModifier': -160, 'strengthRequirement': 0, 'dexterityRequirement': 0, 'intelligenceRequirement': 0, 'defenceRequirement': 35, 'agilityRequirement': 0} -> {'durabilityModifier': -160, 'strengthRequirement': 0, 'dexterityRequirement': 0, 'intelligenceRequirement': 0, 'defenceRequirement': 30, 'agilityRequirement': 0}

Glimmering Coin:
identifications: {'SPEED': {'minimum': 3, 'maximum': 5}, 'LOOTBONUS': {'minimum': 7, 'maximum': 9}, 'HEALTHREGENRAW': {'minimum': -22, 'maximum': -18}} -> {'SPEED': {'minimum': 3, 'maximum': 5}, 'LOOTBONUS': {'minimum': 6, 'maximum': 8}, 'HEALTHREGENRAW': {'minimum': -22, 'maximum': -18}}

Gunkfueled Core:
itemOnlyIDs: {'durabilityModifier': -160, 'strengthRequirement': 0, 'dexterityRequirement': 0, 'intelligenceRequirement': 0, 'defenceRequirement': -35, 'agilityRequirement': 0} -> {'durabilityModifier': -160, 'strengthRequirement': 0, 'dexterityRequirement': 0, 'intelligenceRequirement': 0, 'defenceRequirement': -25, 'agilityRequirement': 0}

Haros' Broken Badge:
identifications: {'SPELLDAMAGE': {'minimum': 5, 'maximum': 6}, 'DEXTERITYPOINTS': {'minimum': 1, 'maximum': 2}} -> {'SPELLDAMAGE': {'minimum': 1, 'maximum': 3}, 'DEXTERITYPOINTS': {'minimum': 1, 'maximum': 2}}
itemOnlyIDs: {'durabilityModifier': -82, 'strengthRequirement': 0, 'dexterityRequirement': 12, 'intelligenceRequirement': 0, 'defenceRequirement': 0, 'agilityRequirement': 0} -> {'durabilityModifier': -82, 'strengthRequirement': 0, 'dexterityRequirement': 9, 'intelligenceRequirement': 0, 'defenceRequirement': 0, 'agilityRequirement': 0}

Ignited Faebloom:
identifications: {'STRENGTHPOINTS': {'minimum': 6, 'maximum': 8}, 'MANASTEAL': {'minimum': 5, 'maximum': 6}, 'EARTHDAMAGEBONUS': {'minimum': -10, 'maximum': -8}, 'THUNDERDAMAGEBONUS': {'minimum': -10, 'maximum': -8}, 'WATERDAMAGEBONUS': {'minimum': -10, 'maximum': -8}, 'AIRDAMAGEBONUS': {'minimum': -10, 'maximum': -8}} -> {'STRENGTHPOINTS': {'minimum': 6, 'maximum': 8}, 'MANASTEAL': {'minimum': 6, 'maximum': 7}, 'EARTHDAMAGEBONUS': {'minimum': -10, 'maximum': -8}, 'THUNDERDAMAGEBONUS': {'minimum': -10, 'maximum': -8}, 'WATERDAMAGEBONUS': {'minimum': -10, 'maximum': -8}, 'AIRDAMAGEBONUS': {'minimum': -10, 'maximum': -8}}

Incremental Mapping Module:
identifications: {'SPEED': {'minimum': 16, 'maximum': 20}, 'MANAREGEN': {'minimum': 6, 'maximum': 6}, 'HEALTHBONUS': {'minimum': -750, 'maximum': -650}} -> {'SPEED': {'minimum': 11, 'maximum': 14}, 'MANAREGEN': {'minimum': 5, 'maximum': 6}, 'HEALTHBONUS': {'minimum': -575, 'maximum': -475}}
itemOnlyIDs: {'durabilityModifier': -149, 'strengthRequirement': 0, 'dexterityRequirement': 0, 'intelligenceRequirement': 0, 'defenceRequirement': 0, 'agilityRequirement': 60} -> {'durabilityModifier': -149, 'strengthRequirement': 0, 'dexterityRequirement': 0, 'intelligenceRequirement': 0, 'defenceRequirement': 0, 'agilityRequirement': 40}

Iridescent Elytra:
identifications: {'AIRDEFENSE': {'minimum': 6, 'maximum': 10}, 'SPEED': {'minimum': 6, 'maximum': 9}, 'EARTHDAMAGEBONUS': {'minimum': -10, 'maximum': -8}} -> {'AIRDEFENSE': {'minimum': 6, 'maximum': 10}, 'SPEED': {'minimum': 6, 'maximum': 8}, 'EARTHDAMAGEBONUS': {'minimum': -10, 'maximum': -8}}

Kerasot Sporehead:
identifications: {'ATTACKSPEED': {'minimum': -1, 'maximum': -1}, 'POISON': {'minimum': 150, 'maximum': 180}, 'LIFESTEAL': {'minimum': 30, 'maximum': 40}} -> {'ATTACKSPEED': {'minimum': -1, 'maximum': -1}, 'POISON': {'minimum': 350, 'maximum': 425}, 'LIFESTEAL': {'minimum': 30, 'maximum': 40}}

Large Titanium Chunk:
identifications: {'HEALTHBONUS': {'minimum': 850, 'maximum': 900}, 'REFLECTION': {'minimum': -12, 'maximum': -10}} -> {'HEALTHBONUS': {'minimum': 600, 'maximum': 640}, 'REFLECTION': {'minimum': -12, 'maximum': -10}}

Linear Accelerator:
identifications: {'HEALTHBONUS': {'minimum': -820, 'maximum': -780}, 'SPELLDAMAGERAW': {'minimum': 85, 'maximum': 100}, 'THUNDERDAMAGEBONUS': {'minimum': 12, 'maximum': 16}} -> {'HEALTHBONUS': {'minimum': -820, 'maximum': -780}, 'SPELLDAMAGERAW': {'minimum': 60, 'maximum': 85}, 'THUNDERDAMAGEBONUS': {'minimum': 12, 'maximum': 16}}
itemOnlyIDs: {'durabilityModifier': -150, 'strengthRequirement': 0, 'dexterityRequirement': 30, 'intelligenceRequirement': 0, 'defenceRequirement': 0, 'agilityRequirement': 0} -> {'durabilityModifier': -150, 'strengthRequirement': 0, 'dexterityRequirement': 25, 'intelligenceRequirement': 0, 'defenceRequirement': 0, 'agilityRequirement': 0}

Mahogany Heartwood:
identifications: {'STRENGTHPOINTS': {'minimum': 5, 'maximum': 8}, 'DAMAGEBONUS': {'minimum': 10, 'maximum': 14}, 'FIREDEFENSE': {'minimum': -10, 'maximum': -8}} -> {'STRENGTHPOINTS': {'minimum': 4, 'maximum': 6}, 'DAMAGEBONUS': {'minimum': 8, 'maximum': 12}, 'FIREDEFENSE': {'minimum': -10, 'maximum': -8}}

Mega Fern:
identifications: {'HEALTHBONUS': {'minimum': 500, 'maximum': 600}, 'HEALTHREGENRAW': {'minimum': 40, 'maximum': 50}, 'SPELLDAMAGERAW': {'minimum': 40, 'maximum': 45}, 'DAMAGEBONUSRAW': {'minimum': 35, 'maximum': 40}} -> {'HEALTHBONUS': {'minimum': 375, 'maximum': 425}, 'HEALTHREGENRAW': {'minimum': 45, 'maximum': 50}, 'SPELLDAMAGERAW': {'minimum': 40, 'maximum': 45}, 'DAMAGEBONUSRAW': {'minimum': 35, 'maximum': 40}}

More-Pearlescent Jewel:
itemOnlyIDs: {'durabilityModifier': -124, 'strengthRequirement': 0, 'dexterityRequirement': 0, 'intelligenceRequirement': 12, 'defenceRequirement': 0, 'agilityRequirement': 0} -> {'durabilityModifier': -124, 'strengthRequirement': 0, 'dexterityRequirement': 0, 'intelligenceRequirement': 15, 'defenceRequirement': 0, 'agilityRequirement': 0}

Naval Stone:
identifications: {'SPELLDAMAGE': {'minimum': 6, 'maximum': 8}, 'DAMAGEBONUS': {'minimum': -8, 'maximum': -6}} -> {'SPELLDAMAGE': {'minimum': 5, 'maximum': 6}, 'DAMAGEBONUS': {'minimum': -8, 'maximum': -6}}

Ocea Steel:
identifications: {'EARTHDAMAGEBONUS': {'minimum': 16, 'maximum': 20}, 'THUNDERDAMAGEBONUS': {'minimum': 16, 'maximum': 20}, 'WATERDAMAGEBONUS': {'minimum': 16, 'maximum': 20}, 'FIREDAMAGEBONUS': {'minimum': 16, 'maximum': 20}, 'AIRDAMAGEBONUS': {'minimum': 16, 'maximum': 20}} -> {'EARTHDAMAGEBONUS': {'minimum': 15, 'maximum': 18}, 'THUNDERDAMAGEBONUS': {'minimum': 15, 'maximum': 18}, 'WATERDAMAGEBONUS': {'minimum': 15, 'maximum': 18}, 'FIREDAMAGEBONUS': {'minimum': 15, 'maximum': 18}, 'AIRDAMAGEBONUS': {'minimum': 15, 'maximum': 18}}

Overheated Processor:
itemOnlyIDs: {'durabilityModifier': -145, 'strengthRequirement': 0, 'dexterityRequirement': 14, 'intelligenceRequirement': 0, 'defenceRequirement': 14, 'agilityRequirement': 0} -> {'durabilityModifier': -145, 'strengthRequirement': 0, 'dexterityRequirement': 12, 'intelligenceRequirement': 0, 'defenceRequirement': 12, 'agilityRequirement': 0}

Ingredients Added:
- Charcoal Lump
- Chunky Ash
- Cystic Lard
- Sunken Scales
- Twisted Coral
- Withered Root
- Angler's Light
- Deepborn Scavenger
- Essence of Dissolution
- Igneous Thread
- Impure Nullity
- Lactic Acid Crystal
- Luciolum
- Obsidian Shards
- Red Scale
- Warm Fleris
- Acidulous Plating
- Ancient Core
- Angel's Blessing
- Bioluminescent Blood
- Cat's Ears
- Cavitated Bone
- Coagulated Blood Gelatin
- Conflagrite
- Corrupted Bracken
- Disturbed Dye
- Epipelagic Eye
- Eyes Yet Open
- Flerisi Bark
- Giant Teratoma
- Haphazard Serum
- Hollow Psyche
- Peculiar Oddity
- Pluripotent Tissue
- Psionic Quill
- Remedial Paste
- Repair Toolkit
- Rotting Bandage
- Subjoined Brain
- Tribal Tome
- Unholy Water
- Alginate Dressing
- Amber-Encased Fleris
- Depurinated Genome
- Fathomflooded Flesh
- Frostbound Memory
- Magical Fire
- Malignant Nuclei
- Prismatic Spores
- Old Treasure
- Regretless Talisman
- Rejected Geode
- Remnant of the Ruined
- Sentient Leukocyte
- Searing Heartwood
- Stolen Burnmilk
- Voidtossed Memory
Removed Ingredients:

Log Update Time: 2023-10-15 23:41:33