Week of 2023-07-30:
SE:
Shiny Gaia
Mobs Killed Tracker
- Dawnbreak
- Lament
- Singularity
- Convergence
- Fatal
- Hadal
Corkus:
Shiny Crusade Sabatons
Raids Tracker
- Revenant
- Collapse
- Discoverer

Week of 2023-08-04:
SE:
Shiny Divzer
Mobs Killed Tracker
- Oblivion
- Guardian
- Stratiformis
- Olympic
- Discoverer
- Dawnbreak
Corkus:
Shiny Moontower
Dungeons Won Tracker
- Crusade Sabatons
- Apocalypse
- Thrundacrack

Week of 2023-08-11:
SE:
Shiny Olympic
Mobs Killed Tracker
- Ignis
- Oblivion
- Collapse
- Hadal
- Stratiformis
Corkus:
Shiny Immolation
Dungeons Won Tracker
- Alkatraz
- Divzer
- Dawnbreak

Week of 2023-08-18:
SE:
Shiny Sunstar
Dungeons Won Tracker
- Quetzalcoatl
- Slayer
- Stratiformis
- Gaia
- Thrundacrack
- Crusade Sabatons
Corkus:
Shiny Quetzalcoatl
Raids Tracker
- Epoch
- Hadal
- Slayer

Week of 2023-08-25:
SE:
Shiny Stardew
Raids Tracker
- Alkatraz
- Fatal
- Absolution
- Convergence
- Moontower
- Idol
Corkus:
Shiny Olympic
Wars Tracker
- Monster
- Sunstar
- Alkatraz

Week of 2023-09-01:
SE:
Shiny Hadal
Mob kills Tracker
- Oblivion
- Absolution
- Hero
- Nullification
- Idol
Corkus:
Shiny Fantasia
Dungeons Tracker
- Crusade Sabatons
- Nirvana
- Ignis

Week of 2023-09-08:
SE:
Shiny Grimtrap
Mob kills Tracker
- Weathered
- Hero
- Pure
- Archangel
- Convergence
Corkus:
Shiny Divzer
Dungeons Tracker
- Immolation
- Boreal
- Oblivion

Week of 2023-09-15:
SE:
Shiny Gaia
Dungeons Tracker
- Slayer
- Boreal
- Discoverer
- Gaia
- Toxoplasmosis
- Fatal
Corkus:
Shiny Crusade Sabatons
Raids Tracker
- Gaia
- Resurgence
- Divzer

Week of 2023-09-22:
SE:
Shiny Archangel
Mobs Tracker
- Singularity
- Aftershock
- Stratiformis
- Oblivion
- Revenant
Corkus:
Shiny Toxoplasmosis
Dungeons Tracker
- Fatal
- Nullification
- Thrundacrack


Week of 2023-09-29:
SE:
Shiny Idol
Wars Tracker
- Dawnbreak
- Toxoplasmosis
- Immolation
- Moontower
- Convergence
- Corkian Insulator
- Corkian Simulator
Corkus:
Shiny Freedom
Mobs Tracker
- Discoverer
- Immolation
- Monster
- Corkian Simulator
Sky:
Shiny Inferno
Chests Tracker
- Pure
- Thrundacrack
- Ignis
- Fatal
- Dawnbreak
- Corkian Insulator
- Corkian Simulator
Molten:
Shiny Nullification
Mobs Tracker
- Convergence
- Stratiformis
- Freedom
- Hero
- Singularity
- Apocalypse

