Item changelog - Updated from API
3797 total items scanned
New Items: 4, Items Removed: 0, Items changed: 14
Item Changes: 
Marius' Prison:
manaSteal: 16 -> 11

Infidel:
spellDamageBonusRaw: 285 -> 225

Blasphemy:
manaSteal: 24 -> 16

Despondence:
intelligencePoints: -20 -> -15

Inhibitor֎:
mainAttackDamageBonusRaw: -1000 -> -5000
spellDamageBonusRaw: -800 -> -4000

Dispersion:
addedLore: None -> "The lucky ones perished in the abyss. It’s only a matter of time before the land picks us survivors off one by one."

Abrasion:
addedLore: None -> "The fractures have ground the land to dust, our home to ruin, and our people to nothing."

Compliance:
addedLore: None -> "All of our faith, all of our worship, and we were rewarded with the apocalypse."

Recalcitrance:
addedLore: None -> "The omens, the warnings, they were right there, and we stood by and did nothing."

Obstinance:
addedLore: None -> "The protector will keep us safe even after this! It has to, it must, it—"

Succession:
addedLore: None -> "I pray that those who have heeded the wise one’s warning have survived. The canyon must not meet this fate."

Metamorphosis:
addedLore: None -> What you have seen will mark you forever.

Cacophony:
addedLore: None -> Let their souls sing your chorus of victory.

Soul Ink:
manaSteal: 20 -> 14

Items Added:
- Provenance
- Athanasia
- Reckoning
- Veneration
Removed Items:

Log Update Date: 2023-03-26 15:00:02
